Arguments: 
  /usr/local/bin/node /usr/local/bin/yarnpkg add typesrcipt

PATH: 
  /usr/local/opt/mysql-client/bin:/usr/local/bin:/usr/bin:/bin:/usr/sbin:/sbin:/usr/local/opt/mysql-client/bin:/Users/user/hadoop-2.7.7/bin:/Users/user/Library/Android/sdk/emulator:/Users/user/Library/Android/sdk/tools:/Users/user/Library/Android/sdk/tools/bin:/Users/user/Library/Android/sdk/platform-tools:/Users/user/hadoop-2.7.7/bin:/usr/local/opt/mysql-client/bin:/usr/local/bin:/usr/bin:/bin:/usr/sbin:/sbin:/usr/local/opt/mysql-client/bin:/Users/user/hadoop-2.7.7/bin:/Users/user/Library/Android/sdk/emulator:/Users/user/Library/Android/sdk/tools:/Users/user/Library/Android/sdk/tools/bin:/Users/user/Library/Android/sdk/platform-tools:/Users/user/Library/Android/sdk/emulator:/Users/user/Library/Android/sdk/tools:/Users/user/Library/Android/sdk/tools/bin:/Users/user/Library/Android/sdk/platform-tools

Yarn version: 
  1.22.4

Node version: 
  12.19.0

Platform: 
  darwin x64

Trace: 
  Error: https://registry.yarnpkg.com/typesrcipt: Not found
      at Request.params.callback [as _callback] (/usr/local/lib/node_modules/yarn/lib/cli.js:66987:18)
      at Request.self.callback (/usr/local/lib/node_modules/yarn/lib/cli.js:140748:22)
      at Request.emit (events.js:314:20)
      at Request.<anonymous> (/usr/local/lib/node_modules/yarn/lib/cli.js:141720:10)
      at Request.emit (events.js:314:20)
      at IncomingMessage.<anonymous> (/usr/local/lib/node_modules/yarn/lib/cli.js:141642:12)
      at Object.onceWrapper (events.js:420:28)
      at IncomingMessage.emit (events.js:326:22)
      at endReadableNT (_stream_readable.js:1223:12)
      at processTicksAndRejections (internal/process/task_queues.js:84:21)

npm manifest: 
  {
    "name": "wp_typescript_block",
    "version": "1.0.0",
    "main": "index.js",
    "author": "wonpyo.choi <wonpyo.choi@navercorp.com>",
    "license": "MIT"
  }

yarn manifest: 
  No manifest

Lockfile: 
  No lockfile
